<?xml version="1.0" encoding="UTF-8"?>
<!-- Generated by org.testng.reporters.JUnitReportReporter -->
<testsuite hostname="EPINHYDW0D51" failures="0" tests="2" name="com.epam.selenium.OrangeHRM.Tests.TestLogInFunctionality" time="15.295" errors="0" timestamp="2022-02-23T18:32:48 IST" skipped="0">
  <testcase classname="com.epam.selenium.OrangeHRM.Tests.TestLogInFunctionality" name="testLogInWithValidCredentials" time="9.503"/>
  <system-out/>
  <testcase classname="com.epam.selenium.OrangeHRM.Tests.TestLogInFunctionality" name="logOut" time="5.792"/>
  <system-out/>
</testsuite> <!-- com.epam.selenium.OrangeHRM.Tests.TestLogInFunctionality -->
