<?xml version="1.0" encoding="UTF-8"?>
<!-- Generated by org.testng.reporters.JUnitReportReporter -->
<testsuite hostname="EPINHYDW0D51" failures="0" tests="3" name="com.epam.selenium.OrangeHRM.Tests.TestAssigningAndRemovingGlobalAdminToUser" time="28.557" errors="0" timestamp="2022-03-09T08:49:34 IST" skipped="0">
  <testcase classname="com.epam.selenium.OrangeHRM.Tests.TestAssigningAndRemovingGlobalAdminToUser" name="testNavigationToUsersPageFromDashBoardPage" time="1.464"/>
  <system-out/>
  <testcase classname="com.epam.selenium.OrangeHRM.Tests.TestAssigningAndRemovingGlobalAdminToUser" name="testAssigningGlobalAdminRole" time="22.890"/>
  <system-out/>
  <testcase classname="com.epam.selenium.OrangeHRM.Tests.TestAssigningAndRemovingGlobalAdminToUser" name="testRemovingGlobalAdminRole" time="4.203"/>
  <system-out/>
</testsuite> <!-- com.epam.selenium.OrangeHRM.Tests.TestAssigningAndRemovingGlobalAdminToUser -->
