<?xml version="1.0" encoding="UTF-8"?>
<!-- Generated by org.testng.reporters.JUnitReportReporter -->
<testsuite hostname="EPINHYDW0D51" failures="0" tests="40" name="com.epam.RD.Module7b.Tests.TestCalculator" time="10.541" errors="0" timestamp="2022-03-06T17:31:37 IST" skipped="0">
  <testcase classname="com.epam.RD.Module7b.Tests.TestCalculator" name="testLogIn" time="0.277"/>
  <system-out/>
  <testcase classname="com.epam.RD.Module7b.Tests.TestCalculator" name="testLogIn" time="0.277"/>
  <system-out/>
  <testcase classname="com.epam.RD.Module7b.Tests.TestCalculator" name="testLogIn" time="0.045"/>
  <system-out/>
  <testcase classname="com.epam.RD.Module7b.Tests.TestCalculator" name="testLogIn" time="0.265"/>
  <system-out/>
  <testcase classname="com.epam.RD.Module7b.Tests.TestCalculator" name="testLogIn" time="0.273"/>
  <system-out/>
  <testcase classname="com.epam.RD.Module7b.Tests.TestCalculator" name="testLogIn" time="0.049"/>
  <system-out/>
  <testcase classname="com.epam.RD.Module7b.Tests.TestCalculator" name="testLogIn" time="0.289"/>
  <system-out/>
  <testcase classname="com.epam.RD.Module7b.Tests.TestCalculator" name="testLogIn" time="0.294"/>
  <system-out/>
  <testcase classname="com.epam.RD.Module7b.Tests.TestCalculator" name="testLogIn" time="0.269"/>
  <system-out/>
  <testcase classname="com.epam.RD.Module7b.Tests.TestCalculator" name="testLogIn" time="0.037"/>
  <system-out/>
  <testcase classname="com.epam.RD.Module7b.Tests.TestCalculator" name="testLogIn" time="0.280"/>
  <system-out/>
  <testcase classname="com.epam.RD.Module7b.Tests.TestCalculator" name="testLogIn" time="0.280"/>
  <system-out/>
  <testcase classname="com.epam.RD.Module7b.Tests.TestCalculator" name="testLogIn" time="0.034"/>
  <system-out/>
  <testcase classname="com.epam.RD.Module7b.Tests.TestCalculator" name="testLogIn" time="1.002"/>
  <system-out/>
  <testcase classname="com.epam.RD.Module7b.Tests.TestCalculator" name="testLogIn" time="0.277"/>
  <system-out/>
  <testcase classname="com.epam.RD.Module7b.Tests.TestCalculator" name="testLogIn" time="0.058"/>
  <system-out/>
  <testcase classname="com.epam.RD.Module7b.Tests.TestCalculator" name="testLogIn" time="0.041"/>
  <system-out/>
  <testcase classname="com.epam.RD.Module7b.Tests.TestCalculator" name="testLogIn" time="0.030"/>
  <system-out/>
  <testcase classname="com.epam.RD.Module7b.Tests.TestCalculator" name="testLogIn" time="0.038"/>
  <system-out/>
  <testcase classname="com.epam.RD.Module7b.Tests.TestCalculator" name="testLogIn" time="0.048"/>
  <system-out/>
  <testcase classname="com.epam.RD.Module7b.Tests.TestCalculator" name="testLogIn" time="0.279"/>
  <system-out/>
  <testcase classname="com.epam.RD.Module7b.Tests.TestCalculator" name="testLogIn" time="0.037"/>
  <system-out/>
  <testcase classname="com.epam.RD.Module7b.Tests.TestCalculator" name="testLogIn" time="0.949"/>
  <system-out/>
  <testcase classname="com.epam.RD.Module7b.Tests.TestCalculator" name="testLogIn" time="0.028"/>
  <system-out/>
  <testcase classname="com.epam.RD.Module7b.Tests.TestCalculator" name="testLogIn" time="0.053"/>
  <system-out/>
  <testcase classname="com.epam.RD.Module7b.Tests.TestCalculator" name="testLogIn" time="0.063"/>
  <system-out/>
  <testcase classname="com.epam.RD.Module7b.Tests.TestCalculator" name="testLogIn" time="0.267"/>
  <system-out/>
  <testcase classname="com.epam.RD.Module7b.Tests.TestCalculator" name="testLogIn" time="1.252"/>
  <system-out/>
  <testcase classname="com.epam.RD.Module7b.Tests.TestCalculator" name="testLogIn" time="0.026"/>
  <system-out/>
  <testcase classname="com.epam.RD.Module7b.Tests.TestCalculator" name="testLogIn" time="0.024"/>
  <system-out/>
  <testcase classname="com.epam.RD.Module7b.Tests.TestCalculator" name="testLogIn" time="0.270"/>
  <system-out/>
  <testcase classname="com.epam.RD.Module7b.Tests.TestCalculator" name="testLogIn" time="0.270"/>
  <system-out/>
  <testcase classname="com.epam.RD.Module7b.Tests.TestCalculator" name="testLogIn" time="0.273"/>
  <system-out/>
  <testcase classname="com.epam.RD.Module7b.Tests.TestCalculator" name="testLogIn" time="0.945"/>
  <system-out/>
  <testcase classname="com.epam.RD.Module7b.Tests.TestCalculator" name="testLogIn" time="0.045"/>
  <system-out/>
  <testcase classname="com.epam.RD.Module7b.Tests.TestCalculator" name="testLogIn" time="1.403"/>
  <system-out/>
  <testcase classname="com.epam.RD.Module7b.Tests.TestCalculator" name="testLogIn" time="0.050"/>
  <system-out/>
  <testcase classname="com.epam.RD.Module7b.Tests.TestCalculator" name="testLogIn" time="0.044"/>
  <system-out/>
  <testcase classname="com.epam.RD.Module7b.Tests.TestCalculator" name="testLogIn" time="0.055"/>
  <system-out/>
  <testcase classname="com.epam.RD.Module7b.Tests.TestCalculator" name="testLogIn" time="0.045"/>
  <system-out/>
</testsuite> <!-- com.epam.RD.Module7b.Tests.TestCalculator -->
