<?xml version="1.0" encoding="UTF-8"?>
<!-- Generated by org.testng.reporters.JUnitReportReporter -->
<testsuite hostname="EPINHYDW0D51" failures="0" tests="2" name="com.epam.TestAutomation.BDD.Tests.TestLogIn" time="42.402" errors="0" timestamp="2022-03-05T19:36:46 IST" skipped="0">
  <testcase classname="com.epam.TestAutomation.BDD.Tests.TestLogIn" name="runScenario" time="13.479"/>
  <system-out/>
  <testcase classname="com.epam.TestAutomation.BDD.Tests.TestLogIn" name="runScenario" time="28.923"/>
  <system-out/>
</testsuite> <!-- com.epam.TestAutomation.BDD.Tests.TestLogIn -->
