<?xml version="1.0" encoding="UTF-8"?>
<!-- Generated by org.testng.reporters.JUnitReportReporter -->
<testsuite hostname="EPINHYDW0D51" failures="0" tests="2" name="com.epam.TestAutomation.BDD.Tests.TestLogInWithRunner" time="27.205" errors="0" timestamp="2022-03-05T19:40:25 IST" skipped="0">
  <testcase classname="com.epam.TestAutomation.BDD.Tests.TestLogInWithRunner" name="testLogIn" time="13.593"/>
  <system-out/>
  <testcase classname="com.epam.TestAutomation.BDD.Tests.TestLogInWithRunner" name="testLogIn" time="13.612"/>
  <system-out/>
</testsuite> <!-- com.epam.TestAutomation.BDD.Tests.TestLogInWithRunner -->
