<?xml version="1.0" encoding="UTF-8"?>
<!-- Generated by org.testng.reporters.JUnitReportReporter -->
<testsuite hostname="EPINHYDW0D51" failures="0" tests="2" name="com.epam.selenium.SeleniumSauce.Tests.TestLogInScenariosOrangeHRM" time="5.698" errors="0" timestamp="2022-02-22T11:00:33 IST" skipped="1">
  <testcase classname="com.epam.selenium.SeleniumSauce.Tests.TestLogInScenariosOrangeHRM" name="testLogInWithInvalidCredentials" time="5.698"/>
  <system-out/>
  <testcase classname="com.epam.selenium.SeleniumSauce.Tests.TestLogInScenariosOrangeHRM" name="testLogIn">
    <skipped/>
  </testcase> <!-- testLogIn -->
  <system-out/>
</testsuite> <!-- com.epam.selenium.SeleniumSauce.Tests.TestLogInScenariosOrangeHRM -->
