<?xml version="1.0" encoding="UTF-8"?>
<!-- Generated by org.testng.reporters.JUnitReportReporter -->
<testsuite hostname="EPINHYDW0D51" failures="0" tests="3" name="com.epam.TestAutomation.Final_Project.TestCases.TestSpeakerAddingFunctionalityViaAPI" time="6.540" errors="0" timestamp="2022-03-14T18:07:32 IST" skipped="0">
  <testcase classname="com.epam.TestAutomation.Final_Project.TestCases.TestSpeakerAddingFunctionalityViaAPI" name="testAddedSpeakerIsDisplayedinUI" time="5.381"/>
  <system-out/>
  <testcase classname="com.epam.TestAutomation.Final_Project.TestCases.TestSpeakerAddingFunctionalityViaAPI" name="testGetResponseOfAddedSpeakerByAPI" time="1.020"/>
  <system-out/>
  <testcase classname="com.epam.TestAutomation.Final_Project.TestCases.TestSpeakerAddingFunctionalityViaAPI" name="testSpeakerDetailsAddedReflectedInDataBase" time="0.139"/>
  <system-out/>
</testsuite> <!-- com.epam.TestAutomation.Final_Project.TestCases.TestSpeakerAddingFunctionalityViaAPI -->
