<?xml version="1.0" encoding="UTF-8"?>
<!-- Generated by org.testng.reporters.JUnitReportReporter -->
<testsuite hostname="EPINHYDW0D51" failures="0" tests="3" name="com.epam.TestAutomation.Final_Project.TestCases.TestSpeakerAddingFunctionalityByAPI" time="2.507" errors="0" timestamp="2022-03-14T17:31:06 IST" skipped="0">
  <testcase classname="com.epam.TestAutomation.Final_Project.TestCases.TestSpeakerAddingFunctionalityByAPI" name="testAddingSpeakerinUI" time="1.195"/>
  <system-out/>
  <testcase classname="com.epam.TestAutomation.Final_Project.TestCases.TestSpeakerAddingFunctionalityByAPI" name="testGetResponseOfAddedSpeakerByAPI" time="1.158"/>
  <system-out/>
  <testcase classname="com.epam.TestAutomation.Final_Project.TestCases.TestSpeakerAddingFunctionalityByAPI" name="testSpeakerDetailsAddedReflectedInDataBase" time="0.154"/>
  <system-out/>
</testsuite> <!-- com.epam.TestAutomation.Final_Project.TestCases.TestSpeakerAddingFunctionalityByAPI -->
