<?xml version="1.0" encoding="UTF-8"?>
<!-- Generated by org.testng.reporters.JUnitReportReporter -->
<testsuite hostname="EPINHYDW0D51" failures="0" tests="5" name="com.epam.TestAutomation.RestAssured.TestResponseByObject" time="4.578" errors="0" timestamp="2022-02-15T09:18:33 IST" skipped="0">
  <testcase classname="com.epam.TestAutomation.RestAssured.TestResponseByObject" name="testPostObjectPostResponse" time="1.949"/>
  <system-out/>
  <testcase classname="com.epam.TestAutomation.RestAssured.TestResponseByObject" name="testPostObjectPostResponse" time="0.644"/>
  <system-out/>
  <testcase classname="com.epam.TestAutomation.RestAssured.TestResponseByObject" name="testPostObjectPostResponse" time="0.715"/>
  <system-out/>
  <testcase classname="com.epam.TestAutomation.RestAssured.TestResponseByObject" name="testPostObjectPostResponse" time="0.603"/>
  <system-out/>
  <testcase classname="com.epam.TestAutomation.RestAssured.TestResponseByObject" name="testPostObjectPostResponse" time="0.667"/>
  <system-out/>
</testsuite> <!-- com.epam.TestAutomation.RestAssured.TestResponseByObject -->
