<?xml version="1.0" encoding="UTF-8"?>
<!-- Generated by org.testng.reporters.JUnitReportReporter -->
<testsuite hostname="EPINHYDW0D51" failures="0" tests="1" name="com.epam.TestAutomation.RestAssured.TestPost" time="1.813" errors="0" timestamp="2022-02-14T20:37:29 IST" skipped="0">
  <testcase classname="com.epam.TestAutomation.RestAssured.TestPost" name="testPostObjectPostResponse" time="1.813"/>
  <system-out/>
</testsuite> <!-- com.epam.TestAutomation.RestAssured.TestPost -->
