<?xml version="1.0" encoding="UTF-8"?>
<!-- Generated by org.testng.reporters.JUnitReportReporter -->
<testsuite hostname="EPINHYDW0D51" failures="0" tests="3" name="com.epam.selenium.SeleniumAssignment.SeleniumFeatures.alertMessage" time="9.567" errors="0" timestamp="2022-02-18T14:29:01 IST" skipped="0">
  <testcase classname="com.epam.selenium.SeleniumAssignment.SeleniumFeatures.alertMessage" name="setUp" time="9.370"/>
  <system-out/>
  <testcase classname="com.epam.selenium.SeleniumAssignment.SeleniumFeatures.alertMessage" name="testGiveIdAndSubmit" time="0.150"/>
  <system-out/>
  <testcase classname="com.epam.selenium.SeleniumAssignment.SeleniumFeatures.alertMessage" name="testAlertMessage" time="0.047"/>
  <system-out/>
</testsuite> <!-- com.epam.selenium.SeleniumAssignment.SeleniumFeatures.alertMessage -->
