<?xml version="1.0" encoding="UTF-8"?>
<!-- Generated by org.testng.reporters.JUnitReportReporter -->
<testsuite hostname="EPINHYDW0D51" failures="0" tests="9" name="com.epam.selenium.SeleniumAssignment.OrangeHrmApplyLeaveFunctionalityWithDifferentScenarios" time="23.751" errors="0" timestamp="2022-02-21T00:01:19 IST" skipped="2">
  <testcase classname="com.epam.selenium.SeleniumAssignment.OrangeHrmApplyLeaveFunctionalityWithDifferentScenarios" name="testNavigationToApplyLeavePageFromDashBoardPage" time="0.683"/>
  <system-out/>
  <testcase classname="com.epam.selenium.SeleniumAssignment.OrangeHrmApplyLeaveFunctionalityWithDifferentScenarios" name="testSelectLeaveTypeInDropDownInApplyLeavePage" time="6.430"/>
  <system-out/>
  <testcase classname="com.epam.selenium.SeleniumAssignment.OrangeHrmApplyLeaveFunctionalityWithDifferentScenarios" name="testErrorMessageWhenFromDateIsAfterToDate" time="1.498"/>
  <system-out/>
  <testcase classname="com.epam.selenium.SeleniumAssignment.OrangeHrmApplyLeaveFunctionalityWithDifferentScenarios" name="testErrorMessageDisappearanceAfterToDateModified" time="10.699"/>
  <system-out/>
  <testcase classname="com.epam.selenium.SeleniumAssignment.OrangeHrmApplyLeaveFunctionalityWithDifferentScenarios" name="testLeaveBalnceAvailable" time="1.909"/>
  <system-out/>
  <testcase classname="com.epam.selenium.SeleniumAssignment.OrangeHrmApplyLeaveFunctionalityWithDifferentScenarios" name="testNavigateToLeaveListPageFromApplyLeavePage" time="0.378"/>
  <system-out/>
  <testcase classname="com.epam.selenium.SeleniumAssignment.OrangeHrmApplyLeaveFunctionalityWithDifferentScenarios" name="FillTheLeaveListForm" time="2.154"/>
  <system-out/>
  <testcase classname="com.epam.selenium.SeleniumAssignment.OrangeHrmApplyLeaveFunctionalityWithDifferentScenarios" name="closeBrowser">
    <skipped/>
  </testcase> <!-- closeBrowser -->
  <system-out/>
  <testcase classname="com.epam.selenium.SeleniumAssignment.OrangeHrmApplyLeaveFunctionalityWithDifferentScenarios" name="testNoRecordsFoundMessageDisplay">
    <skipped/>
  </testcase> <!-- testNoRecordsFoundMessageDisplay -->
  <system-out/>
</testsuite> <!-- com.epam.selenium.SeleniumAssignment.OrangeHrmApplyLeaveFunctionalityWithDifferentScenarios -->
