<?xml version="1.0" encoding="UTF-8"?>
<!-- Generated by org.testng.reporters.JUnitReportReporter -->
<testsuite hostname="EPINHYDW0D51" failures="0" tests="2" name="com.epam.selenium.SeleniumAssignment.TestLogInFunctionalityWithDifferentScenarios" time="8.381" errors="0" timestamp="2022-02-22T17:01:17 IST" skipped="1">
  <testcase classname="com.epam.selenium.SeleniumAssignment.TestLogInFunctionalityWithDifferentScenarios" name="testLogInWithInvalidCredentials" time="8.381"/>
  <system-out/>
  <testcase classname="com.epam.selenium.SeleniumAssignment.TestLogInFunctionalityWithDifferentScenarios" name="testLogIn">
    <skipped/>
  </testcase> <!-- testLogIn -->
  <system-out/>
</testsuite> <!-- com.epam.selenium.SeleniumAssignment.TestLogInFunctionalityWithDifferentScenarios -->
