<?xml version="1.0" encoding="UTF-8"?>
<!-- Generated by org.testng.reporters.JUnitReportReporter -->
<testsuite hostname="EPINHYDW0D51" failures="0" tests="3" name="com.epam.selenium.SeleniumAssignment.SeleniumFeatures.WindowHandle" time="19.530" errors="0" timestamp="2022-02-18T16:11:08 IST" skipped="0">
  <testcase classname="com.epam.selenium.SeleniumAssignment.SeleniumFeatures.WindowHandle" name="setUp" time="8.321"/>
  <system-out/>
  <testcase classname="com.epam.selenium.SeleniumAssignment.SeleniumFeatures.WindowHandle" name="testClickHere" time="11.171"/>
  <system-out/>
  <testcase classname="com.epam.selenium.SeleniumAssignment.SeleniumFeatures.WindowHandle" name="testNaviagteToParentWindow" time="0.038"/>
  <system-out/>
</testsuite> <!-- com.epam.selenium.SeleniumAssignment.SeleniumFeatures.WindowHandle -->
