<?xml version="1.0" encoding="UTF-8"?>
<!-- Generated by org.testng.reporters.JUnitReportReporter -->
<testsuite hostname="EPINHYDW0D51" failures="0" tests="2" name="com.epam.selenium.SeleniumAssignment.OrangeHrmLeaves" time="2.114" errors="0" timestamp="2022-02-17T08:52:25 IST" skipped="0">
  <testcase classname="com.epam.selenium.SeleniumAssignment.OrangeHrmLeaves" name="testNavigationToLeavesForm" time="0.584"/>
  <system-out/>
  <testcase classname="com.epam.selenium.SeleniumAssignment.OrangeHrmLeaves" name="TestFillingLeaveForm" time="1.530"/>
  <system-out/>
</testsuite> <!-- com.epam.selenium.SeleniumAssignment.OrangeHrmLeaves -->
