<?xml version="1.0" encoding="UTF-8"?>
<!-- Generated by org.testng.reporters.JUnitReportReporter -->
<testsuite hostname="EPINHYDW0D51" failures="0" tests="1" name="com.epam.selenium.SeleniumAssignment.SeleniumFeatures.Screenshot" time="0.162" errors="0" timestamp="2022-02-18T13:58:19 IST" skipped="0">
  <testcase classname="com.epam.selenium.SeleniumAssignment.SeleniumFeatures.Screenshot" name="testScreenshot" time="0.162"/>
  <system-out/>
</testsuite> <!-- com.epam.selenium.SeleniumAssignment.SeleniumFeatures.Screenshot -->
