<?xml version="1.0" encoding="UTF-8"?>
<!-- Generated by org.testng.reporters.JUnitReportReporter -->
<testsuite hostname="EPINHYDW0D51" failures="0" tests="21" name="com.epam.TestAutomation.TestNG.TestLibraryClass" time="0.019" errors="0" timestamp="2022-02-10T17:08:17 IST" skipped="0">
  <testcase classname="com.epam.TestAutomation.TestNG.TestLibraryClass" name="testBookNotFoundException" time="0.000"/>
  <system-out/>
  <testcase classname="com.epam.TestAutomation.TestNG.TestLibraryClass" name="testIssueBook" time="0.001"/>
  <system-out/>
  <testcase classname="com.epam.TestAutomation.TestNG.TestLibraryClass" name="testIssueBook" time="0.000"/>
  <system-out/>
  <testcase classname="com.epam.TestAutomation.TestNG.TestLibraryClass" name="testAddNewMember" time="0.001"/>
  <system-out/>
  <testcase classname="com.epam.TestAutomation.TestNG.TestLibraryClass" name="testBookNotFoundException" time="0.002"/>
  <system-out/>
  <testcase classname="com.epam.TestAutomation.TestNG.TestLibraryClass" name="testUserInactiveException" time="0.000"/>
  <system-out/>
  <testcase classname="com.epam.TestAutomation.TestNG.TestLibraryClass" name="testUserInactiveException" time="0.001"/>
  <system-out/>
  <testcase classname="com.epam.TestAutomation.TestNG.TestLibraryClass" name="testAddNewMember" time="0.000"/>
  <system-out/>
  <testcase classname="com.epam.TestAutomation.TestNG.TestLibraryClass" name="testBookNotFoundException" time="0.000"/>
  <system-out/>
  <testcase classname="com.epam.TestAutomation.TestNG.TestLibraryClass" name="testAddNewMember" time="0.005"/>
  <system-out/>
  <testcase classname="com.epam.TestAutomation.TestNG.TestLibraryClass" name="testAddNewMember" time="0.002"/>
  <system-out/>
  <testcase classname="com.epam.TestAutomation.TestNG.TestLibraryClass" name="testMemberNotFoundException" time="0.000"/>
  <system-out/>
  <testcase classname="com.epam.TestAutomation.TestNG.TestLibraryClass" name="testAddNewMember" time="0.001"/>
  <system-out/>
  <testcase classname="com.epam.TestAutomation.TestNG.TestLibraryClass" name="testUserInactiveException" time="0.000"/>
  <system-out/>
  <testcase classname="com.epam.TestAutomation.TestNG.TestLibraryClass" name="testUserInactiveException" time="0.000"/>
  <system-out/>
  <testcase classname="com.epam.TestAutomation.TestNG.TestLibraryClass" name="testIssueBook" time="0.001"/>
  <system-out/>
  <testcase classname="com.epam.TestAutomation.TestNG.TestLibraryClass" name="testBookNotFoundException" time="0.001"/>
  <system-out/>
  <testcase classname="com.epam.TestAutomation.TestNG.TestLibraryClass" name="testBookNotFoundException" time="0.001"/>
  <system-out/>
  <testcase classname="com.epam.TestAutomation.TestNG.TestLibraryClass" name="testIssueBook" time="0.001"/>
  <system-out/>
  <testcase classname="com.epam.TestAutomation.TestNG.TestLibraryClass" name="testUserInactiveException" time="0.000"/>
  <system-out/>
  <testcase classname="com.epam.TestAutomation.TestNG.TestLibraryClass" name="testIssueBook" time="0.002"/>
  <system-out/>
</testsuite> <!-- com.epam.TestAutomation.TestNG.TestLibraryClass -->
