<?xml version="1.0" encoding="UTF-8"?>
<!-- Generated by org.testng.reporters.JUnitReportReporter -->
<testsuite hostname="EPINHYDW0D51" failures="0" tests="1" name="com.epam.TestAutomation.TestNG.AppTest" time="0.013" errors="0" timestamp="2022-02-09T14:42:00 IST" skipped="0">
  <testcase classname="com.epam.TestAutomation.TestNG.AppTest" name="testApp" time="0.013"/>
  <system-out/>
</testsuite> <!-- com.epam.TestAutomation.TestNG.AppTest -->
