<?xml version="1.0" encoding="UTF-8"?>
<!-- Generated by org.testng.reporters.JUnitReportReporter -->
<testsuite hostname="EPINHYDW0D51" failures="0" tests="2" name="com.epam.TestAutomation.TestNG.IgnoreTest" time="0.001" errors="0" timestamp="2022-02-09T14:42:00 IST" skipped="1">
  <testcase classname="com.epam.TestAutomation.TestNG.IgnoreTest" name="testApp" time="0.001"/>
  <system-out/>
  <testcase classname="com.epam.TestAutomation.TestNG.IgnoreTest" name="beforeSuite">
    <skipped/>
  </testcase> <!-- beforeSuite -->
  <system-out/>
</testsuite> <!-- com.epam.TestAutomation.TestNG.IgnoreTest -->
