<?xml version="1.0" encoding="UTF-8"?>
<!-- Generated by org.testng.reporters.JUnitReportReporter -->
<testsuite hostname="EPINHYDW0D51" failures="0" tests="1" name="com.epam.TestAutomation.DataBaseTesting.DataBaseTest" time="0.036" errors="0" timestamp="2022-02-25T15:23:10 IST" skipped="0">
  <testcase classname="com.epam.TestAutomation.DataBaseTesting.DataBaseTest" name="testTables" time="0.036"/>
  <system-out/>
</testsuite> <!-- com.epam.TestAutomation.DataBaseTesting.DataBaseTest -->
