<?xml version="1.0" encoding="UTF-8"?>
<!-- Generated by org.testng.reporters.JUnitReportReporter -->
<testsuite hostname="EPINHYDW0D51" failures="0" tests="2" name="com.epam.TestAutomation.SeleniumUiTesting.TestWebDriver" time="17.148" errors="0" timestamp="2022-02-15T15:43:01 IST" skipped="0">
  <testcase classname="com.epam.TestAutomation.SeleniumUiTesting.TestWebDriver" name="testDriver" time="10.374"/>
  <system-out/>
  <testcase classname="com.epam.TestAutomation.SeleniumUiTesting.TestWebDriver" name="testContactSalesForm" time="6.774"/>
  <system-out/>
</testsuite> <!-- com.epam.TestAutomation.SeleniumUiTesting.TestWebDriver -->
